[1020/012002.875:ERROR:directory_reader_win.cc(43)] FindFirstFile: The system cannot find the path specified. (0x3)
[1022/161457.548:ERROR:directory_reader_win.cc(43)] FindFirstFile: The system cannot find the path specified. (0x3)
[1022/163309.387:ERROR:process_reader_win.cc(123)] NtOpenThread: {Access Denied} A process has requested access to an object, but has not been granted those access rights. (0xc0000022)
[1022/163309.388:ERROR:process_reader_win.cc(123)] NtOpenThread: {Access Denied} A process has requested access to an object, but has not been granted those access rights. (0xc0000022)
[1022/163309.387:ERROR:process_reader_win.cc(123)] NtOpenThread: {Access Denied} A process has requested access to an object, but has not been granted those access rights. (0xc0000022)
[1022/163309.438:ERROR:exception_snapshot_win.cc(99)] thread ID 8628 not found in process
[1022/163309.438:ERROR:exception_snapshot_win.cc(99)] thread ID 3404 not found in process
[1022/163309.439:ERROR:exception_snapshot_win.cc(99)] thread ID 15720 not found in process
[1024/193412.867:ERROR:directory_reader_win.cc(43)] FindFirstFile: The system cannot find the path specified. (0x3)
[1025/183932.355:ERROR:directory_reader_win.cc(43)] FindFirstFile: The system cannot find the path specified. (0x3)
[1026/013532.340:ERROR:directory_reader_win.cc(43)] FindFirstFile: The system cannot find the path specified. (0x3)
[1026/041020.123:ERROR:process_reader_win.cc(123)] NtOpenThread: {Access Denied} A process has requested access to an object, but has not been granted those access rights. (0xc0000022)
[1026/041020.116:ERROR:process_reader_win.cc(123)] NtOpenThread: {Access Denied} A process has requested access to an object, but has not been granted those access rights. (0xc0000022)
[1026/041020.127:ERROR:process_reader_win.cc(123)] NtOpenThread: {Access Denied} A process has requested access to an object, but has not been granted those access rights. (0xc0000022)
[1026/041020.131:ERROR:process_reader_win.cc(123)] NtOpenThread: {Access Denied} A process has requested access to an object, but has not been granted those access rights. (0xc0000022)
[1026/041020.625:ERROR:exception_snapshot_win.cc(99)] thread ID 1752 not found in process
[1026/041020.625:ERROR:exception_snapshot_win.cc(99)] thread ID 11404 not found in process
[1026/041020.625:ERROR:exception_snapshot_win.cc(99)] thread ID 13680 not found in process
[1026/041020.625:ERROR:exception_snapshot_win.cc(99)] thread ID 6984 not found in process
[1027/112410.729:ERROR:directory_reader_win.cc(43)] FindFirstFile: The system cannot find the path specified. (0x3)
[1028/154127.813:ERROR:directory_reader_win.cc(43)] FindFirstFile: The system cannot find the path specified. (0x3)
[1028/162247.236:ERROR:process_reader_win.cc(123)] NtOpenThread: {Access Denied} A process has requested access to an object, but has not been granted those access rights. (0xc0000022)
[1028/162247.188:ERROR:process_reader_win.cc(123)] NtOpenThread: {Access Denied} A process has requested access to an object, but has not been granted those access rights. (0xc0000022)
[1028/162247.473:ERROR:exception_snapshot_win.cc(99)] thread ID 8128 not found in process
[1028/162247.473:ERROR:exception_snapshot_win.cc(99)] thread ID 4628 not found in process
[1028/195505.238:ERROR:directory_reader_win.cc(43)] FindFirstFile: The system cannot find the path specified. (0x3)
[1029/101517.032:ERROR:directory_reader_win.cc(43)] FindFirstFile: The system cannot find the path specified. (0x3)
[1030/103419.554:ERROR:directory_reader_win.cc(43)] FindFirstFile: The system cannot find the path specified. (0x3)
[1030/122920.016:ERROR:filesystem_win.cc(129)] GetFileAttributes C:\Users\Programmer\AppData\Local\Google\Chrome\User Data\Crashpad\attachments\efed3e56-6fa3-4c17-aad3-f92f295c9661: The system cannot find the path specified. (0x3)
[1030/122920.660:ERROR:http_transport_win.cc(276)] WinHttpSendRequest: The operation completed successfully. (0x0)
